<?xml version="1.0" encoding="UTF-8"?>
<!-- Generated by org.testng.reporters.JUnitReportReporter -->
<testsuite hostname="DESKTOP-SV7Q3I4" failures="0" tests="6" name="com.stackpulse.automation.tests.ui.TodosTest" time="26.682" errors="0" timestamp="11 Jun 2020 16:03:27 GMT" skipped="0">
  <testcase classname="com.stackpulse.automation.tests.ui.TodosTest" name="navigateToTodoPage" time="1.469"/>
  <testcase classname="com.stackpulse.automation.tests.ui.TodosTest" name="insertNewTask" time="7.049"/>
  <testcase classname="com.stackpulse.automation.tests.ui.TodosTest" name="verifyCompletedTasks" time="6.884"/>
  <testcase classname="com.stackpulse.automation.tests.ui.TodosTest" name="verifyActiveTasks" time="5.643"/>
  <testcase classname="com.stackpulse.automation.tests.ui.TodosTest" name="clearAllTasksAndVerify" time="0.689"/>
  <testcase classname="com.stackpulse.automation.tests.ui.TodosTest" name="markAllTasksAsDone" time="4.948"/>
</testsuite> <!-- com.stackpulse.automation.tests.ui.TodosTest -->
