<?xml version="1.0" encoding="UTF-8"?>
<!-- Generated by org.testng.reporters.JUnitReportReporter -->
<testsuite hostname="DESKTOP-SV7Q3I4" failures="0" tests="6" name="com.stackpulse.automation.tests.ui.TodosTest" time="65.367" errors="0" timestamp="11 Jun 2020 16:14:46 GMT" skipped="0">
  <testcase classname="com.stackpulse.automation.tests.ui.TodosTest" name="navigateToTodoPage" time="1.152"/>
  <testcase classname="com.stackpulse.automation.tests.ui.TodosTest" name="insertNewTask" time="13.787"/>
  <testcase classname="com.stackpulse.automation.tests.ui.TodosTest" name="verifyCompletedTasks" time="18.917"/>
  <testcase classname="com.stackpulse.automation.tests.ui.TodosTest" name="verifyActiveTasks" time="15.432"/>
  <testcase classname="com.stackpulse.automation.tests.ui.TodosTest" name="clearAllTasksAndVerify" time="10.393"/>
  <testcase classname="com.stackpulse.automation.tests.ui.TodosTest" name="markAllTasksAsDone" time="5.686"/>
</testsuite> <!-- com.stackpulse.automation.tests.ui.TodosTest -->
